<?xml version="1.0" encoding="UTF-8"?>
<!-- Generated by org.testng.reporters.JUnitReportReporter -->
<testsuite hostname="LAPTOP-TO73PJJS" failures="0" tests="11" name="runner.WebApp" time="218.637" errors="0" timestamp="18 Jan 2022 09:19:32 GMT" skipped="0">
  <testcase classname="runner.WebApp" name="LocalPage" time="35.201"/>
  <testcase classname="runner.WebApp" name="HomePage" time="8.456"/>
  <testcase classname="runner.WebApp" name="SignUp" time="15.919"/>
  <testcase classname="runner.WebApp" name="HomepageLogin" time="13.719"/>
  <testcase classname="runner.WebApp" name="AboutPage" time="10.001"/>
  <testcase classname="runner.WebApp" name="ContactPage" time="13.288"/>
  <testcase classname="runner.WebApp" name="OnewayPage" time="24.398"/>
  <testcase classname="runner.WebApp" name="OutstationPage" time="32.793"/>
  <testcase classname="runner.WebApp" name="AirportPage" time="33.531"/>
  <testcase classname="runner.WebApp" name="CorporatePage" time="17.543"/>
  <testcase classname="runner.WebApp" name="SitemapPage" time="13.788"/>
</testsuite> <!-- runner.WebApp -->
